<?xml version="1.0" encoding="UTF-8"?>
<!-- Generated by org.testng.reporters.JUnitReportReporter -->
<testsuite hostname="LAPTOP-GAUPM6CM" failures="0" tests="3" name="testscripts.regression.ToVerifyInValidLoginDetails" time="40.181" errors="0" timestamp="2024-03-23T20:18:57 IST" skipped="0">
  <testcase classname="testscripts.regression.ToVerifyInValidLoginDetails" name="toVerifyValidUserNameInValidPassword" time="12.710"/>
  <testcase classname="testscripts.regression.ToVerifyInValidLoginDetails" name="toVerifyInValidUserNameValidPassword" time="16.928"/>
  <testcase classname="testscripts.regression.ToVerifyInValidLoginDetails" name="toVerifyInValidUserNameInValidPassword" time="10.543"/>
</testsuite> <!-- testscripts.regression.ToVerifyInValidLoginDetails -->
