<?xml version="1.0" encoding="UTF-8"?>
<!-- Generated by org.testng.reporters.JUnitReportReporter -->
<testsuite hostname="LAPTOP-GAUPM6CM" failures="0" tests="1" name="testscripts.regression.ToVerifyValidLoginDetails" time="12.297" errors="0" timestamp="2024-03-23T20:12:25 IST" skipped="0">
  <testcase classname="testscripts.regression.ToVerifyValidLoginDetails" name="toVerifyValidLoginDetailsTest" time="12.297"/>
</testsuite> <!-- testscripts.regression.ToVerifyValidLoginDetails -->
