<?xml version="1.0" encoding="UTF-8"?>
<!-- Generated by org.testng.reporters.JUnitReportReporter -->
<testsuite hostname="LAPTOP-GAUPM6CM" failures="0" tests="1" name="testscripts.regression.ValidateSearchUsingHybridPOM" time="70.307" errors="0" timestamp="2024-03-29T20:18:00 IST" skipped="0">
  <testcase classname="testscripts.regression.ValidateSearchUsingHybridPOM" name="validateSearchHotel" time="70.307"/>
</testsuite> <!-- testscripts.regression.ValidateSearchUsingHybridPOM -->
