<?xml version="1.0" encoding="UTF-8"?>
<!-- Generated by org.testng.reporters.JUnitReportReporter -->
<testsuite hostname="LAPTOP-GAUPM6CM" failures="0" tests="1" name="testscripts.smoke.SalesForceLogin" time="20.441" errors="0" timestamp="2024-04-02T19:43:24 IST" skipped="0">
  <testcase classname="testscripts.smoke.SalesForceLogin" name="salesForceLoginTest" time="20.441"/>
</testsuite> <!-- testscripts.smoke.SalesForceLogin -->
