<?xml version="1.0" encoding="UTF-8"?>
<!-- Generated by org.testng.reporters.JUnitReportReporter -->
<testsuite hostname="LAPTOP-GAUPM6CM" failures="0" tests="1" name="testscripts.regression.ValidateLoginUsingKeyWordDriven" time="14.005" errors="0" timestamp="2024-03-24T20:10:09 IST" skipped="0">
  <testcase classname="testscripts.regression.ValidateLoginUsingKeyWordDriven" name="validateLoginTest" time="14.005"/>
</testsuite> <!-- testscripts.regression.ValidateLoginUsingKeyWordDriven -->
