<?xml version="1.0" encoding="UTF-8"?>
<!-- Generated by org.testng.reporters.JUnitReportReporter -->
<testsuite hostname="LAPTOP-GAUPM6CM" failures="0" tests="1" name="testscripts.regression.ValidateLoginUsingPOMandDataProvider" time="11.929" errors="0" timestamp="2024-03-27T19:27:57 IST" skipped="0">
  <testcase classname="testscripts.regression.ValidateLoginUsingPOMandDataProvider" name="validateLoginTest" time="11.929"/>
</testsuite> <!-- testscripts.regression.ValidateLoginUsingPOMandDataProvider -->
